<?xml version="1.0" encoding="UTF-8"?>
<testng-results skipped="4" failed="2" total="10" passed="4">
  <reporter-output>
    <line>
      <![CDATA[TC_Portal_001: To verify that user is able to submite application to OWLS portal.]]>
    </line>
    <line>
      <![CDATA[Step 1. ]]>
    </line>
    <line>
      <![CDATA[Step 2. ]]>
    </line>
    <line>
      <![CDATA[Step 3. ]]>
    </line>
    <line>
      <![CDATA[Step 4. ]]>
    </line>
    <line>
      <![CDATA[TC_CRM_001: To verify submitted Application task status for application having Convictions, document uploded and wildlife possession.]]>
    </line>
    <line>
      <![CDATA[Step 1. ]]>
    </line>
    <line>
      <![CDATA[Step 2. ]]>
    </line>
    <line>
      <![CDATA[Step 3. ]]>
    </line>
    <line>
      <![CDATA[Step 4. ]]>
    </line>
    <line>
      <![CDATA[TC_CRM_002: To verify online User submits a basic application with a condition which will trigger review of the application.]]>
    </line>
    <line>
      <![CDATA[Step 1. ]]>
    </line>
    <line>
      <![CDATA[Step 2. ]]>
    </line>
    <line>
      <![CDATA[Step 3. ]]>
    </line>
    <line>
      <![CDATA[Step 4. ]]>
    </line>
    <line>
      <![CDATA[TC_CRM_003: To verify submitted Application's 'Interview/Site Inspection' task and it should be wildlife licensing queue and inspecting screen should be visibile to the role - Manager wildlife licensing.]]>
    </line>
    <line>
      <![CDATA[Step 1. ]]>
    </line>
    <line>
      <![CDATA[Step 2. ]]>
    </line>
    <line>
      <![CDATA[Step 3. ]]>
    </line>
    <line>
      <![CDATA[Step 4. ]]>
    </line>
    <line>
      <![CDATA[TC_CRM_005: To verify user can Complete Await Payment Confirmation Task and Permit Document PDF generated.]]>
    </line>
    <line>
      <![CDATA[Step 1. ]]>
    </line>
    <line>
      <![CDATA[Step 2. ]]>
    </line>
    <line>
      <![CDATA[Step 3. ]]>
    </line>
    <line>
      <![CDATA[Step 4. ]]>
    </line>
    <line>
      <![CDATA[TC_Portal_001: To verify that user is able to submite application to OWLS portal.]]>
    </line>
    <line>
      <![CDATA[Step 1. ]]>
    </line>
    <line>
      <![CDATA[Step 2. ]]>
    </line>
    <line>
      <![CDATA[Step 3. ]]>
    </line>
    <line>
      <![CDATA[Step 4. ]]>
    </line>
    <line>
      <![CDATA[TC_CRM_001: To verify submitted Application task status for application having Convictions, document uploded and wildlife possession.]]>
    </line>
    <line>
      <![CDATA[Step 1. ]]>
    </line>
    <line>
      <![CDATA[Step 2. ]]>
    </line>
    <line>
      <![CDATA[Step 3. ]]>
    </line>
    <line>
      <![CDATA[Step 4. ]]>
    </line>
    <line>
      <![CDATA[TC_CRM_002: To verify online User submits a basic application with a condition which will trigger review of the application.]]>
    </line>
    <line>
      <![CDATA[Step 1. ]]>
    </line>
    <line>
      <![CDATA[Step 2. ]]>
    </line>
    <line>
      <![CDATA[Step 3. ]]>
    </line>
    <line>
      <![CDATA[Step 4. ]]>
    </line>
    <line>
      <![CDATA[TC_CRM_003: To verify submitted Application's 'Interview/Site Inspection' task and it should be wildlife licensing queue and inspecting screen should be visibile to the role - Manager wildlife licensing.]]>
    </line>
    <line>
      <![CDATA[Step 1. ]]>
    </line>
    <line>
      <![CDATA[Step 2. ]]>
    </line>
    <line>
      <![CDATA[Step 3. ]]>
    </line>
    <line>
      <![CDATA[Step 4. ]]>
    </line>
    <line>
      <![CDATA[TC_CRM_005: To verify user can Complete Await Payment Confirmation Task and Permit Document PDF generated.]]>
    </line>
    <line>
      <![CDATA[Step 1. ]]>
    </line>
    <line>
      <![CDATA[Step 2. ]]>
    </line>
    <line>
      <![CDATA[Step 3. ]]>
    </line>
    <line>
      <![CDATA[Step 4. ]]>
    </line>
  </reporter-output>
  <suite name="TestReport" duration-ms="329" started-at="2017-12-15T06:11:39Z" finished-at="2017-12-15T06:11:40Z">
    <groups>
    </groups>
    <test name="TC_Portal_001: To verify that user is able to submite application to OWLS portal." duration-ms="162" started-at="2017-12-15T06:11:39Z" finished-at="2017-12-15T06:11:40Z">
      <class name="com.testReport.TestNGreport">
        <test-method status="PASS" signature="test1()[pri:0, instance:com.testReport.TestNGreport@5419f379]" name="test1" duration-ms="122" started-at="2017-12-15T11:41:40Z" finished-at="2017-12-15T11:41:40Z">
          <reporter-output>
            <line>
              <![CDATA[TC_Portal_001: To verify that user is able to submite application to OWLS portal.]]>
            </line>
            <line>
              <![CDATA[Step 1. ]]>
            </line>
            <line>
              <![CDATA[Step 2. ]]>
            </line>
            <line>
              <![CDATA[Step 3. ]]>
            </line>
            <line>
              <![CDATA[Step 4. ]]>
            </line>
          </reporter-output>
        </test-method> <!-- test1 -->
      </class> <!-- com.testReport.TestNGreport -->
    </test> <!-- TC_Portal_001: To verify that user is able to submite application to OWLS portal. -->
    <test name="TC_CRM_001: To verify submitted Application task status for application having Convictions, document uploded and wildlife possession." duration-ms="7" started-at="2017-12-15T06:11:40Z" finished-at="2017-12-15T06:11:40Z">
      <class name="com.testReport.TestNGreport">
        <test-method status="PASS" signature="test2()[pri:0, instance:com.testReport.TestNGreport@cb5822]" name="test2" duration-ms="3" started-at="2017-12-15T11:41:40Z" finished-at="2017-12-15T11:41:40Z">
          <reporter-output>
            <line>
              <![CDATA[TC_CRM_001: To verify submitted Application task status for application having Convictions, document uploded and wildlife possession.]]>
            </line>
            <line>
              <![CDATA[Step 1. ]]>
            </line>
            <line>
              <![CDATA[Step 2. ]]>
            </line>
            <line>
              <![CDATA[Step 3. ]]>
            </line>
            <line>
              <![CDATA[Step 4. ]]>
            </line>
          </reporter-output>
        </test-method> <!-- test2 -->
      </class> <!-- com.testReport.TestNGreport -->
    </test> <!-- TC_CRM_001: To verify submitted Application task status for application having Convictions, document uploded and wildlife possession. -->
    <test name="TC_CRM_002: To verify online User submits a basic application with a condition which will trigger review of the application." duration-ms="22" started-at="2017-12-15T06:11:40Z" finished-at="2017-12-15T06:11:40Z">
      <class name="com.testReport.TestNGreport">
        <test-method status="FAIL" signature="test3()[pri:0, instance:com.testReport.TestNGreport@224edc67]" name="test3" duration-ms="9" started-at="2017-12-15T11:41:40Z" finished-at="2017-12-15T11:41:40Z">
          <exception class="java.lang.AssertionError">
            <message>
              <![CDATA[expected [true] but found [false]]]>
            </message>
            <full-stacktrace>
              <![CDATA[java.lang.AssertionError: expected [true] but found [false]
	at org.testng.Assert.fail(Assert.java:94)
	at org.testng.Assert.failNotEquals(Assert.java:513)
	at org.testng.Assert.assertTrue(Assert.java:42)
	at org.testng.Assert.assertTrue(Assert.java:52)
	at com.testReport.TestNGreport.test3(TestNGreport.java:46)
	at sun.reflect.NativeMethodAccessorImpl.invoke0(Native Method)
	at sun.reflect.NativeMethodAccessorImpl.invoke(NativeMethodAccessorImpl.java:57)
	at sun.reflect.DelegatingMethodAccessorImpl.invoke(DelegatingMethodAccessorImpl.java:43)
	at java.lang.reflect.Method.invoke(Method.java:483)
	at org.testng.internal.MethodInvocationHelper.invokeMethod(MethodInvocationHelper.java:86)
	at org.testng.internal.Invoker.invokeMethod(Invoker.java:643)
	at org.testng.internal.Invoker.invokeTestMethod(Invoker.java:820)
	at org.testng.internal.Invoker.invokeTestMethods(Invoker.java:1128)
	at org.testng.internal.TestMethodWorker.invokeTestMethods(TestMethodWorker.java:129)
	at org.testng.internal.TestMethodWorker.run(TestMethodWorker.java:112)
	at org.testng.TestRunner.privateRun(TestRunner.java:782)
	at org.testng.TestRunner.run(TestRunner.java:632)
	at org.testng.SuiteRunner.runTest(SuiteRunner.java:366)
	at org.testng.SuiteRunner.access$000(SuiteRunner.java:39)
	at org.testng.SuiteRunner$SuiteWorker.run(SuiteRunner.java:400)
	at org.testng.internal.thread.ThreadUtil$2.call(ThreadUtil.java:64)
	at java.util.concurrent.FutureTask.run(FutureTask.java:266)
	at java.util.concurrent.ThreadPoolExecutor.runWorker(ThreadPoolExecutor.java:1142)
	at java.util.concurrent.ThreadPoolExecutor$Worker.run(ThreadPoolExecutor.java:617)
	at java.lang.Thread.run(Thread.java:744)
]]>
            </full-stacktrace>
          </exception> <!-- java.lang.AssertionError -->
          <reporter-output>
            <line>
              <![CDATA[TC_CRM_002: To verify online User submits a basic application with a condition which will trigger review of the application.]]>
            </line>
            <line>
              <![CDATA[Step 1. ]]>
            </line>
            <line>
              <![CDATA[Step 2. ]]>
            </line>
            <line>
              <![CDATA[Step 3. ]]>
            </line>
            <line>
              <![CDATA[Step 4. ]]>
            </line>
          </reporter-output>
        </test-method> <!-- test3 -->
      </class> <!-- com.testReport.TestNGreport -->
    </test> <!-- TC_CRM_002: To verify online User submits a basic application with a condition which will trigger review of the application. -->
    <test name="TC_CRM_003: To verify submitted Application&#039;s &#039;Interview/Site Inspection&#039; task and it should be wildlife licensing queue and inspecting screen should be visibile to the role - Manager wildlife licensing." duration-ms="17" started-at="2017-12-15T06:11:40Z" finished-at="2017-12-15T06:11:40Z">
      <class name="com.testReport.TestNGreport">
        <test-method status="SKIP" signature="test4()[pri:0, instance:com.testReport.TestNGreport@523884b2]" name="test4" duration-ms="6" started-at="2017-12-15T11:41:40Z" finished-at="2017-12-15T11:41:40Z">
          <exception class="org.testng.SkipException">
            <message>
              <![CDATA[Skipping Test case as Task status is not 'Approval By Delegate'.]]>
            </message>
            <full-stacktrace>
              <![CDATA[org.testng.SkipException: Skipping Test case as Task status is not 'Approval By Delegate'.
	at com.testReport.TestNGreport.test4(TestNGreport.java:59)
	at sun.reflect.NativeMethodAccessorImpl.invoke0(Native Method)
	at sun.reflect.NativeMethodAccessorImpl.invoke(NativeMethodAccessorImpl.java:57)
	at sun.reflect.DelegatingMethodAccessorImpl.invoke(DelegatingMethodAccessorImpl.java:43)
	at java.lang.reflect.Method.invoke(Method.java:483)
	at org.testng.internal.MethodInvocationHelper.invokeMethod(MethodInvocationHelper.java:86)
	at org.testng.internal.Invoker.invokeMethod(Invoker.java:643)
	at org.testng.internal.Invoker.invokeTestMethod(Invoker.java:820)
	at org.testng.internal.Invoker.invokeTestMethods(Invoker.java:1128)
	at org.testng.internal.TestMethodWorker.invokeTestMethods(TestMethodWorker.java:129)
	at org.testng.internal.TestMethodWorker.run(TestMethodWorker.java:112)
	at org.testng.TestRunner.privateRun(TestRunner.java:782)
	at org.testng.TestRunner.run(TestRunner.java:632)
	at org.testng.SuiteRunner.runTest(SuiteRunner.java:366)
	at org.testng.SuiteRunner.access$000(SuiteRunner.java:39)
	at org.testng.SuiteRunner$SuiteWorker.run(SuiteRunner.java:400)
	at org.testng.internal.thread.ThreadUtil$2.call(ThreadUtil.java:64)
	at java.util.concurrent.FutureTask.run(FutureTask.java:266)
	at java.util.concurrent.ThreadPoolExecutor.runWorker(ThreadPoolExecutor.java:1142)
	at java.util.concurrent.ThreadPoolExecutor$Worker.run(ThreadPoolExecutor.java:617)
	at java.lang.Thread.run(Thread.java:744)
]]>
            </full-stacktrace>
          </exception> <!-- org.testng.SkipException -->
          <reporter-output>
            <line>
              <![CDATA[TC_CRM_003: To verify submitted Application's 'Interview/Site Inspection' task and it should be wildlife licensing queue and inspecting screen should be visibile to the role - Manager wildlife licensing.]]>
            </line>
            <line>
              <![CDATA[Step 1. ]]>
            </line>
            <line>
              <![CDATA[Step 2. ]]>
            </line>
            <line>
              <![CDATA[Step 3. ]]>
            </line>
            <line>
              <![CDATA[Step 4. ]]>
            </line>
          </reporter-output>
        </test-method> <!-- test4 -->
      </class> <!-- com.testReport.TestNGreport -->
    </test> <!-- TC_CRM_003: To verify submitted Application's 'Interview/Site Inspection' task and it should be wildlife licensing queue and inspecting screen should be visibile to the role - Manager wildlife licensing. -->
    <test name="TC_CRM_005: To verify user can Complete Await Payment Confirmation Task and Permit Document PDF generated." duration-ms="12" started-at="2017-12-15T06:11:40Z" finished-at="2017-12-15T06:11:40Z">
      <class name="com.testReport.TestNGreport">
        <test-method status="SKIP" signature="test5()[pri:0, instance:com.testReport.TestNGreport@3532ec19]" name="test5" duration-ms="4" started-at="2017-12-15T11:41:40Z" finished-at="2017-12-15T11:41:40Z">
          <exception class="org.testng.SkipException">
            <message>
              <![CDATA[Skipping Test case as Task status is not 'Approval By Delegate'.]]>
            </message>
            <full-stacktrace>
              <![CDATA[org.testng.SkipException: Skipping Test case as Task status is not 'Approval By Delegate'.
	at com.testReport.TestNGreport.test5(TestNGreport.java:72)
	at sun.reflect.NativeMethodAccessorImpl.invoke0(Native Method)
	at sun.reflect.NativeMethodAccessorImpl.invoke(NativeMethodAccessorImpl.java:57)
	at sun.reflect.DelegatingMethodAccessorImpl.invoke(DelegatingMethodAccessorImpl.java:43)
	at java.lang.reflect.Method.invoke(Method.java:483)
	at org.testng.internal.MethodInvocationHelper.invokeMethod(MethodInvocationHelper.java:86)
	at org.testng.internal.Invoker.invokeMethod(Invoker.java:643)
	at org.testng.internal.Invoker.invokeTestMethod(Invoker.java:820)
	at org.testng.internal.Invoker.invokeTestMethods(Invoker.java:1128)
	at org.testng.internal.TestMethodWorker.invokeTestMethods(TestMethodWorker.java:129)
	at org.testng.internal.TestMethodWorker.run(TestMethodWorker.java:112)
	at org.testng.TestRunner.privateRun(TestRunner.java:782)
	at org.testng.TestRunner.run(TestRunner.java:632)
	at org.testng.SuiteRunner.runTest(SuiteRunner.java:366)
	at org.testng.SuiteRunner.access$000(SuiteRunner.java:39)
	at org.testng.SuiteRunner$SuiteWorker.run(SuiteRunner.java:400)
	at org.testng.internal.thread.ThreadUtil$2.call(ThreadUtil.java:64)
	at java.util.concurrent.FutureTask.run(FutureTask.java:266)
	at java.util.concurrent.ThreadPoolExecutor.runWorker(ThreadPoolExecutor.java:1142)
	at java.util.concurrent.ThreadPoolExecutor$Worker.run(ThreadPoolExecutor.java:617)
	at java.lang.Thread.run(Thread.java:744)
]]>
            </full-stacktrace>
          </exception> <!-- org.testng.SkipException -->
          <reporter-output>
            <line>
              <![CDATA[TC_CRM_005: To verify user can Complete Await Payment Confirmation Task and Permit Document PDF generated.]]>
            </line>
            <line>
              <![CDATA[Step 1. ]]>
            </line>
            <line>
              <![CDATA[Step 2. ]]>
            </line>
            <line>
              <![CDATA[Step 3. ]]>
            </line>
            <line>
              <![CDATA[Step 4. ]]>
            </line>
          </reporter-output>
        </test-method> <!-- test5 -->
      </class> <!-- com.testReport.TestNGreport -->
    </test> <!-- TC_CRM_005: To verify user can Complete Await Payment Confirmation Task and Permit Document PDF generated. -->
  </suite> <!-- TestReport -->
  <suite name="TestReport2" duration-ms="144" started-at="2017-12-15T06:11:40Z" finished-at="2017-12-15T06:11:40Z">
    <groups>
    </groups>
    <test name="TC_Portal_001: To verify that user is able to submite application to OWLS portal." duration-ms="17" started-at="2017-12-15T06:11:40Z" finished-at="2017-12-15T06:11:40Z">
      <class name="com.testReport.TestNGreport">
        <test-method status="PASS" signature="test1()[pri:0, instance:com.testReport.TestNGreport@66a3ffec]" name="test1" duration-ms="14" started-at="2017-12-15T11:41:40Z" finished-at="2017-12-15T11:41:40Z">
          <reporter-output>
            <line>
              <![CDATA[TC_Portal_001: To verify that user is able to submite application to OWLS portal.]]>
            </line>
            <line>
              <![CDATA[Step 1. ]]>
            </line>
            <line>
              <![CDATA[Step 2. ]]>
            </line>
            <line>
              <![CDATA[Step 3. ]]>
            </line>
            <line>
              <![CDATA[Step 4. ]]>
            </line>
          </reporter-output>
        </test-method> <!-- test1 -->
      </class> <!-- com.testReport.TestNGreport -->
    </test> <!-- TC_Portal_001: To verify that user is able to submite application to OWLS portal. -->
    <test name="TC_CRM_001: To verify submitted Application task status for application having Convictions, document uploded and wildlife possession." duration-ms="10" started-at="2017-12-15T06:11:40Z" finished-at="2017-12-15T06:11:40Z">
      <class name="com.testReport.TestNGreport">
        <test-method status="PASS" signature="test2()[pri:0, instance:com.testReport.TestNGreport@91161c7]" name="test2" duration-ms="2" started-at="2017-12-15T11:41:40Z" finished-at="2017-12-15T11:41:40Z">
          <reporter-output>
            <line>
              <![CDATA[TC_CRM_001: To verify submitted Application task status for application having Convictions, document uploded and wildlife possession.]]>
            </line>
            <line>
              <![CDATA[Step 1. ]]>
            </line>
            <line>
              <![CDATA[Step 2. ]]>
            </line>
            <line>
              <![CDATA[Step 3. ]]>
            </line>
            <line>
              <![CDATA[Step 4. ]]>
            </line>
          </reporter-output>
        </test-method> <!-- test2 -->
      </class> <!-- com.testReport.TestNGreport -->
    </test> <!-- TC_CRM_001: To verify submitted Application task status for application having Convictions, document uploded and wildlife possession. -->
    <test name="TC_CRM_002: To verify online User submits a basic application with a condition which will trigger review of the application." duration-ms="8" started-at="2017-12-15T06:11:40Z" finished-at="2017-12-15T06:11:40Z">
      <class name="com.testReport.TestNGreport">
        <test-method status="FAIL" signature="test3()[pri:0, instance:com.testReport.TestNGreport@6093dd95]" name="test3" duration-ms="2" started-at="2017-12-15T11:41:40Z" finished-at="2017-12-15T11:41:40Z">
          <exception class="java.lang.AssertionError">
            <message>
              <![CDATA[expected [true] but found [false]]]>
            </message>
            <full-stacktrace>
              <![CDATA[java.lang.AssertionError: expected [true] but found [false]
	at org.testng.Assert.fail(Assert.java:94)
	at org.testng.Assert.failNotEquals(Assert.java:513)
	at org.testng.Assert.assertTrue(Assert.java:42)
	at org.testng.Assert.assertTrue(Assert.java:52)
	at com.testReport.TestNGreport.test3(TestNGreport.java:46)
	at sun.reflect.NativeMethodAccessorImpl.invoke0(Native Method)
	at sun.reflect.NativeMethodAccessorImpl.invoke(NativeMethodAccessorImpl.java:57)
	at sun.reflect.DelegatingMethodAccessorImpl.invoke(DelegatingMethodAccessorImpl.java:43)
	at java.lang.reflect.Method.invoke(Method.java:483)
	at org.testng.internal.MethodInvocationHelper.invokeMethod(MethodInvocationHelper.java:86)
	at org.testng.internal.Invoker.invokeMethod(Invoker.java:643)
	at org.testng.internal.Invoker.invokeTestMethod(Invoker.java:820)
	at org.testng.internal.Invoker.invokeTestMethods(Invoker.java:1128)
	at org.testng.internal.TestMethodWorker.invokeTestMethods(TestMethodWorker.java:129)
	at org.testng.internal.TestMethodWorker.run(TestMethodWorker.java:112)
	at org.testng.TestRunner.privateRun(TestRunner.java:782)
	at org.testng.TestRunner.run(TestRunner.java:632)
	at org.testng.SuiteRunner.runTest(SuiteRunner.java:366)
	at org.testng.SuiteRunner.access$000(SuiteRunner.java:39)
	at org.testng.SuiteRunner$SuiteWorker.run(SuiteRunner.java:400)
	at org.testng.internal.thread.ThreadUtil$2.call(ThreadUtil.java:64)
	at java.util.concurrent.FutureTask.run(FutureTask.java:266)
	at java.util.concurrent.ThreadPoolExecutor.runWorker(ThreadPoolExecutor.java:1142)
	at java.util.concurrent.ThreadPoolExecutor$Worker.run(ThreadPoolExecutor.java:617)
	at java.lang.Thread.run(Thread.java:744)
]]>
            </full-stacktrace>
          </exception> <!-- java.lang.AssertionError -->
          <reporter-output>
            <line>
              <![CDATA[TC_CRM_002: To verify online User submits a basic application with a condition which will trigger review of the application.]]>
            </line>
            <line>
              <![CDATA[Step 1. ]]>
            </line>
            <line>
              <![CDATA[Step 2. ]]>
            </line>
            <line>
              <![CDATA[Step 3. ]]>
            </line>
            <line>
              <![CDATA[Step 4. ]]>
            </line>
          </reporter-output>
        </test-method> <!-- test3 -->
      </class> <!-- com.testReport.TestNGreport -->
    </test> <!-- TC_CRM_002: To verify online User submits a basic application with a condition which will trigger review of the application. -->
    <test name="TC_CRM_003: To verify submitted Application&#039;s &#039;Interview/Site Inspection&#039; task and it should be wildlife licensing queue and inspecting screen should be visibile to the role - Manager wildlife licensing." duration-ms="13" started-at="2017-12-15T06:11:40Z" finished-at="2017-12-15T06:11:40Z">
      <class name="com.testReport.TestNGreport">
        <test-method status="SKIP" signature="test4()[pri:0, instance:com.testReport.TestNGreport@57baeedf]" name="test4" duration-ms="6" started-at="2017-12-15T11:41:40Z" finished-at="2017-12-15T11:41:40Z">
          <exception class="org.testng.SkipException">
            <message>
              <![CDATA[Skipping Test case as Task status is not 'Approval By Delegate'.]]>
            </message>
            <full-stacktrace>
              <![CDATA[org.testng.SkipException: Skipping Test case as Task status is not 'Approval By Delegate'.
	at com.testReport.TestNGreport.test4(TestNGreport.java:59)
	at sun.reflect.NativeMethodAccessorImpl.invoke0(Native Method)
	at sun.reflect.NativeMethodAccessorImpl.invoke(NativeMethodAccessorImpl.java:57)
	at sun.reflect.DelegatingMethodAccessorImpl.invoke(DelegatingMethodAccessorImpl.java:43)
	at java.lang.reflect.Method.invoke(Method.java:483)
	at org.testng.internal.MethodInvocationHelper.invokeMethod(MethodInvocationHelper.java:86)
	at org.testng.internal.Invoker.invokeMethod(Invoker.java:643)
	at org.testng.internal.Invoker.invokeTestMethod(Invoker.java:820)
	at org.testng.internal.Invoker.invokeTestMethods(Invoker.java:1128)
	at org.testng.internal.TestMethodWorker.invokeTestMethods(TestMethodWorker.java:129)
	at org.testng.internal.TestMethodWorker.run(TestMethodWorker.java:112)
	at org.testng.TestRunner.privateRun(TestRunner.java:782)
	at org.testng.TestRunner.run(TestRunner.java:632)
	at org.testng.SuiteRunner.runTest(SuiteRunner.java:366)
	at org.testng.SuiteRunner.access$000(SuiteRunner.java:39)
	at org.testng.SuiteRunner$SuiteWorker.run(SuiteRunner.java:400)
	at org.testng.internal.thread.ThreadUtil$2.call(ThreadUtil.java:64)
	at java.util.concurrent.FutureTask.run(FutureTask.java:266)
	at java.util.concurrent.ThreadPoolExecutor.runWorker(ThreadPoolExecutor.java:1142)
	at java.util.concurrent.ThreadPoolExecutor$Worker.run(ThreadPoolExecutor.java:617)
	at java.lang.Thread.run(Thread.java:744)
]]>
            </full-stacktrace>
          </exception> <!-- org.testng.SkipException -->
          <reporter-output>
            <line>
              <![CDATA[TC_CRM_003: To verify submitted Application's 'Interview/Site Inspection' task and it should be wildlife licensing queue and inspecting screen should be visibile to the role - Manager wildlife licensing.]]>
            </line>
            <line>
              <![CDATA[Step 1. ]]>
            </line>
            <line>
              <![CDATA[Step 2. ]]>
            </line>
            <line>
              <![CDATA[Step 3. ]]>
            </line>
            <line>
              <![CDATA[Step 4. ]]>
            </line>
          </reporter-output>
        </test-method> <!-- test4 -->
      </class> <!-- com.testReport.TestNGreport -->
    </test> <!-- TC_CRM_003: To verify submitted Application's 'Interview/Site Inspection' task and it should be wildlife licensing queue and inspecting screen should be visibile to the role - Manager wildlife licensing. -->
    <test name="TC_CRM_005: To verify user can Complete Await Payment Confirmation Task and Permit Document PDF generated." duration-ms="7" started-at="2017-12-15T06:11:40Z" finished-at="2017-12-15T06:11:40Z">
      <class name="com.testReport.TestNGreport">
        <test-method status="SKIP" signature="test5()[pri:0, instance:com.testReport.TestNGreport@77cd7a0]" name="test5" duration-ms="2" started-at="2017-12-15T11:41:40Z" finished-at="2017-12-15T11:41:40Z">
          <exception class="org.testng.SkipException">
            <message>
              <![CDATA[Skipping Test case as Task status is not 'Approval By Delegate'.]]>
            </message>
            <full-stacktrace>
              <![CDATA[org.testng.SkipException: Skipping Test case as Task status is not 'Approval By Delegate'.
	at com.testReport.TestNGreport.test5(TestNGreport.java:72)
	at sun.reflect.NativeMethodAccessorImpl.invoke0(Native Method)
	at sun.reflect.NativeMethodAccessorImpl.invoke(NativeMethodAccessorImpl.java:57)
	at sun.reflect.DelegatingMethodAccessorImpl.invoke(DelegatingMethodAccessorImpl.java:43)
	at java.lang.reflect.Method.invoke(Method.java:483)
	at org.testng.internal.MethodInvocationHelper.invokeMethod(MethodInvocationHelper.java:86)
	at org.testng.internal.Invoker.invokeMethod(Invoker.java:643)
	at org.testng.internal.Invoker.invokeTestMethod(Invoker.java:820)
	at org.testng.internal.Invoker.invokeTestMethods(Invoker.java:1128)
	at org.testng.internal.TestMethodWorker.invokeTestMethods(TestMethodWorker.java:129)
	at org.testng.internal.TestMethodWorker.run(TestMethodWorker.java:112)
	at org.testng.TestRunner.privateRun(TestRunner.java:782)
	at org.testng.TestRunner.run(TestRunner.java:632)
	at org.testng.SuiteRunner.runTest(SuiteRunner.java:366)
	at org.testng.SuiteRunner.access$000(SuiteRunner.java:39)
	at org.testng.SuiteRunner$SuiteWorker.run(SuiteRunner.java:400)
	at org.testng.internal.thread.ThreadUtil$2.call(ThreadUtil.java:64)
	at java.util.concurrent.FutureTask.run(FutureTask.java:266)
	at java.util.concurrent.ThreadPoolExecutor.runWorker(ThreadPoolExecutor.java:1142)
	at java.util.concurrent.ThreadPoolExecutor$Worker.run(ThreadPoolExecutor.java:617)
	at java.lang.Thread.run(Thread.java:744)
]]>
            </full-stacktrace>
          </exception> <!-- org.testng.SkipException -->
          <reporter-output>
            <line>
              <![CDATA[TC_CRM_005: To verify user can Complete Await Payment Confirmation Task and Permit Document PDF generated.]]>
            </line>
            <line>
              <![CDATA[Step 1. ]]>
            </line>
            <line>
              <![CDATA[Step 2. ]]>
            </line>
            <line>
              <![CDATA[Step 3. ]]>
            </line>
            <line>
              <![CDATA[Step 4. ]]>
            </line>
          </reporter-output>
        </test-method> <!-- test5 -->
      </class> <!-- com.testReport.TestNGreport -->
    </test> <!-- TC_CRM_005: To verify user can Complete Await Payment Confirmation Task and Permit Document PDF generated. -->
  </suite> <!-- TestReport2 -->
</testng-results>
